# JRE version: OpenJDK Runtime Environment (8.0) (build 1.8.0-internal-root_2019_11_03_23_08-b00)
# Java VM: OpenJDK 64-Bit Server VM (25.71-b00 mixed mode linux-amd64 compressed oops)
Heap:
 PSYoungGen      total 14336K, used 953K [0x00000000ff000000, 0x0000000100000000, 0x0000000100000000)
  eden space 12288K, 7% used [0x00000000ff000000,0x00000000ff0ee7d8,0x00000000ffc00000)
  from space 2048K, 0% used [0x00000000ffe00000,0x00000000ffe00000,0x0000000100000000)
  to   space 2048K, 0% used [0x00000000ffc00000,0x00000000ffc00000,0x00000000ffe00000)
 ParOldGen       total 61440K, used 22623K [0x00000000d8000000, 0x00000000dbc00000, 0x00000000ff000000)
  object space 61440K, 36% used [0x00000000d8000000,0x00000000d9617fc0,0x00000000dbc00000)
 Metaspace       used 46057K, capacity 46358K, committed 46936K, reserved 1091584K
  class space    used 3734K, capacity 3841K, committed 3968K, reserved 1048576K
GC Heap History (10 events):
Event: 3425.838 GC heap before
{Heap before GC invocations=83 (full 21):
 PSYoungGen      total 14336K, used 64K [0x00000000ff000000, 0x0000000100000000, 0x0000000100000000)
  eden space 12288K, 0% used [0x00000000ff000000,0x00000000ff000000,0x00000000ffc00000)
  from space 2048K, 3% used [0x00000000ffe00000,0x00000000ffe10000,0x0000000100000000)
  to   space 2048K, 0% used [0x00000000ffc00000,0x00000000ffc00000,0x00000000ffe00000)
 ParOldGen       total 61440K, used 22079K [0x00000000d8000000, 0x00000000dbc00000, 0x00000000ff000000)
  object space 61440K, 35% used [0x00000000d8000000,0x00000000d958ffc0,0x00000000dbc00000)
 Metaspace       used 46048K, capacity 46358K, committed 46936K, reserved 1091584K
  class space    used 3733K, capacity 3841K, committed 3968K, reserved 1048576K
Event: 3425.887 GC heap after
Heap after GC invocations=83 (full 21):
 PSYoungGen      total 14336K, used 0K [0x00000000ff000000, 0x0000000100000000, 0x0000000100000000)
  eden space 12288K, 0% used [0x00000000ff000000,0x00000000ff000000,0x00000000ffc00000)
  from space 2048K, 0% used [0x00000000ffe00000,0x00000000ffe00000,0x0000000100000000)
  to   space 2048K, 0% used [0x00000000ffc00000,0x00000000ffc00000,0x00000000ffe00000)
 ParOldGen       total 61440K, used 22079K [0x00000000d8000000, 0x00000000dbc00000, 0x00000000ff000000)
  object space 61440K, 35% used [0x00000000d8000000,0x00000000d958ffc0,0x00000000dbc00000)
 Metaspace       used 46048K, capacity 46358K, committed 46936K, reserved 1091584K
  class space    used 3733K, capacity 3841K, committed 3968K, reserved 1048576K
}
Event: 3605.988 GC heap before
{Heap before GC invocations=84 (full 21):
 PSYoungGen      total 14336K, used 44K [0x00000000ff000000, 0x0000000100000000, 0x0000000100000000)
  eden space 12288K, 0% used [0x00000000ff000000,0x00000000ff00b0e0,0x00000000ffc00000)
  from space 2048K, 0% used [0x00000000ffe00000,0x00000000ffe00000,0x0000000100000000)
  to   space 2048K, 0% used [0x00000000ffc00000,0x00000000ffc00000,0x00000000ffe00000)
 ParOldGen       total 61440K, used 22079K [0x00000000d8000000, 0x00000000dbc00000, 0x00000000ff000000)
  object space 61440K, 35% used [0x00000000d8000000,0x00000000d958ffc0,0x00000000dbc00000)
 Metaspace       used 46048K, capacity 46358K, committed 46936K, reserved 1091584K
  class space    used 3733K, capacity 3841K, committed 3968K, reserved 1048576K
Event: 3605.989 GC heap after
Heap after GC invocations=84 (full 21):
 PSYoungGen      total 14336K, used 64K [0x00000000ff000000, 0x0000000100000000, 0x0000000100000000)
  eden space 12288K, 0% used [0x00000000ff000000,0x00000000ff000000,0x00000000ffc00000)
  from space 2048K, 3% used [0x00000000ffc00000,0x00000000ffc10000,0x00000000ffe00000)
  to   space 2048K, 0% used [0x00000000ffe00000,0x00000000ffe00000,0x0000000100000000)
 ParOldGen       total 61440K, used 22079K [0x00000000d8000000, 0x00000000dbc00000, 0x00000000ff000000)
  object space 61440K, 35% used [0x00000000d8000000,0x00000000d958ffc0,0x00000000dbc00000)
 Metaspace       used 46048K, capacity 46358K, committed 46936K, reserved 1091584K
  class space    used 3733K, capacity 3841K, committed 3968K, reserved 1048576K
}
Event: 3605.989 GC heap before
{Heap before GC invocations=85 (full 22):
 PSYoungGen      total 14336K, used 64K [0x00000000ff000000, 0x0000000100000000, 0x0000000100000000)
  eden space 12288K, 0% used [0x00000000ff000000,0x00000000ff000000,0x00000000ffc00000)
  from space 2048K, 3% used [0x00000000ffc00000,0x00000000ffc10000,0x00000000ffe00000)
  to   space 2048K, 0% used [0x00000000ffe00000,0x00000000ffe00000,0x0000000100000000)
 ParOldGen       total 61440K, used 22079K [0x00000000d8000000, 0x00000000dbc00000, 0x00000000ff000000)
  object space 61440K, 35% used [0x00000000d8000000,0x00000000d958ffc0,0x00000000dbc00000)
 Metaspace       used 46048K, capacity 46358K, committed 46936K, reserved 1091584K
  class space    used 3733K, capacity 3841K, committed 3968K, reserved 1048576K
Event: 3606.055 GC heap after
Heap after GC invocations=85 (full 22):
 PSYoungGen      total 14336K, used 0K [0x00000000ff000000, 0x0000000100000000, 0x0000000100000000)
  eden space 12288K, 0% used [0x00000000ff000000,0x00000000ff000000,0x00000000ffc00000)
  from space 2048K, 0% used [0x00000000ffc00000,0x00000000ffc00000,0x00000000ffe00000)
  to   space 2048K, 0% used [0x00000000ffe00000,0x00000000ffe00000,0x0000000100000000)
 ParOldGen       total 61440K, used 22079K [0x00000000d8000000, 0x00000000dbc00000, 0x00000000ff000000)
  object space 61440K, 35% used [0x00000000d8000000,0x00000000d958ffc0,0x00000000dbc00000)
 Metaspace       used 46048K, capacity 46358K, committed 46936K, reserved 1091584K
  class space    used 3733K, capacity 3841K, committed 3968K, reserved 1048576K
}
Event: 3786.152 GC heap before
{Heap before GC invocations=86 (full 22):
 PSYoungGen      total 14336K, used 1136K [0x00000000ff000000, 0x0000000100000000, 0x0000000100000000)
  eden space 12288K, 9% used [0x00000000ff000000,0x00000000ff11c2b0,0x00000000ffc00000)
  from space 2048K, 0% used [0x00000000ffc00000,0x00000000ffc00000,0x00000000ffe00000)
  to   space 2048K, 0% used [0x00000000ffe00000,0x00000000ffe00000,0x0000000100000000)
 ParOldGen       total 61440K, used 22079K [0x00000000d8000000, 0x00000000dbc00000, 0x00000000ff000000)
  object space 61440K, 35% used [0x00000000d8000000,0x00000000d958ffc0,0x00000000dbc00000)
 Metaspace       used 46048K, capacity 46358K, committed 46936K, reserved 1091584K
  class space    used 3733K, capacity 3841K, committed 3968K, reserved 1048576K
Event: 3786.154 GC heap after
Heap after GC invocations=86 (full 22):
 PSYoungGen      total 14336K, used 1120K [0x00000000ff000000, 0x0000000100000000, 0x0000000100000000)
  eden space 12288K, 0% used [0x00000000ff000000,0x00000000ff000000,0x00000000ffc00000)
  from space 2048K, 54% used [0x00000000ffe00000,0x00000000fff18010,0x0000000100000000)
  to   space 2048K, 0% used [0x00000000ffc00000,0x00000000ffc00000,0x00000000ffe00000)
 ParOldGen       total 61440K, used 22079K [0x00000000d8000000, 0x00000000dbc00000, 0x00000000ff000000)
  object space 61440K, 35% used [0x00000000d8000000,0x00000000d958ffc0,0x00000000dbc00000)
 Metaspace       used 46048K, capacity 46358K, committed 46936K, reserved 1091584K
  class space    used 3733K, capacity 3841K, committed 3968K, reserved 1048576K
}
Event: 3786.155 GC heap before
{Heap before GC invocations=87 (full 23):
 PSYoungGen      total 14336K, used 1120K [0x00000000ff000000, 0x0000000100000000, 0x0000000100000000)
  eden space 12288K, 0% used [0x00000000ff000000,0x00000000ff000000,0x00000000ffc00000)
  from space 2048K, 54% used [0x00000000ffe00000,0x00000000fff18010,0x0000000100000000)
  to   space 2048K, 0% used [0x00000000ffc00000,0x00000000ffc00000,0x00000000ffe00000)
 ParOldGen       total 61440K, used 22079K [0x00000000d8000000, 0x00000000dbc00000, 0x00000000ff000000)
  object space 61440K, 35% used [0x00000000d8000000,0x00000000d958ffc0,0x00000000dbc00000)
 Metaspace       used 46048K, capacity 46358K, committed 46936K, reserved 1091584K
  class space    used 3733K, capacity 3841K, committed 3968K, reserved 1048576K
Event: 3786.218 GC heap after
Heap after GC invocations=87 (full 23):
 PSYoungGen      total 14336K, used 0K [0x00000000ff000000, 0x0000000100000000, 0x0000000100000000)
  eden space 12288K, 0% used [0x00000000ff000000,0x00000000ff000000,0x00000000ffc00000)
  from space 2048K, 0% used [0x00000000ffe00000,0x00000000ffe00000,0x0000000100000000)
  to   space 2048K, 0% used [0x00000000ffc00000,0x00000000ffc00000,0x00000000ffe00000)
 ParOldGen       total 61440K, used 22623K [0x00000000d8000000, 0x00000000dbc00000, 0x00000000ff000000)
  object space 61440K, 36% used [0x00000000d8000000,0x00000000d9617fc0,0x00000000dbc00000)
 Metaspace       used 46048K, capacity 46358K, committed 46936K, reserved 1091584K
  class space    used 3733K, capacity 3841K, committed 3968K, reserved 1048576K
}

