# JRE version: OpenJDK Runtime Environment (8.0) (build 1.8.0-internal-root_2019_11_03_23_08-b00)
# Java VM: OpenJDK 64-Bit Server VM (25.71-b00 mixed mode linux-amd64 compressed oops)
Heap:
 PSYoungGen      total 14336K, used 166K [0x00000000ff000000, 0x0000000100000000, 0x0000000100000000)
  eden space 12288K, 1% used [0x00000000ff000000,0x00000000ff029a78,0x00000000ffc00000)
  from space 2048K, 0% used [0x00000000ffc00000,0x00000000ffc00000,0x00000000ffe00000)
  to   space 2048K, 0% used [0x00000000ffe00000,0x00000000ffe00000,0x0000000100000000)
 ParOldGen       total 61440K, used 20515K [0x00000000d8000000, 0x00000000dbc00000, 0x00000000ff000000)
  object space 61440K, 33% used [0x00000000d8000000,0x00000000d9408e40,0x00000000dbc00000)
 Metaspace       used 41006K, capacity 41328K, committed 41688K, reserved 1087488K
  class space    used 3371K, capacity 3492K, committed 3584K, reserved 1048576K
GC Heap History (10 events):
Event: 90.683 GC heap before
{Heap before GC invocations=43 (full 4):
 PSYoungGen      total 14336K, used 64K [0x00000000ff000000, 0x0000000100000000, 0x0000000100000000)
  eden space 12288K, 0% used [0x00000000ff000000,0x00000000ff000000,0x00000000ffc00000)
  from space 2048K, 3% used [0x00000000ffc00000,0x00000000ffc10000,0x00000000ffe00000)
  to   space 2048K, 0% used [0x00000000ffe00000,0x00000000ffe00000,0x0000000100000000)
 ParOldGen       total 61440K, used 21327K [0x00000000d8000000, 0x00000000dbc00000, 0x00000000ff000000)
  object space 61440K, 34% used [0x00000000d8000000,0x00000000d94d3ca0,0x00000000dbc00000)
 Metaspace       used 41006K, capacity 41328K, committed 41688K, reserved 1087488K
  class space    used 3371K, capacity 3492K, committed 3584K, reserved 1048576K
Event: 90.778 GC heap after
Heap after GC invocations=43 (full 4):
 PSYoungGen      total 14336K, used 0K [0x00000000ff000000, 0x0000000100000000, 0x0000000100000000)
  eden space 12288K, 0% used [0x00000000ff000000,0x00000000ff000000,0x00000000ffc00000)
  from space 2048K, 0% used [0x00000000ffc00000,0x00000000ffc00000,0x00000000ffe00000)
  to   space 2048K, 0% used [0x00000000ffe00000,0x00000000ffe00000,0x0000000100000000)
 ParOldGen       total 61440K, used 20516K [0x00000000d8000000, 0x00000000dbc00000, 0x00000000ff000000)
  object space 61440K, 33% used [0x00000000d8000000,0x00000000d94091d0,0x00000000dbc00000)
 Metaspace       used 41006K, capacity 41328K, committed 41688K, reserved 1087488K
  class space    used 3371K, capacity 3492K, committed 3584K, reserved 1048576K
}
Event: 92.779 GC heap before
{Heap before GC invocations=44 (full 4):
 PSYoungGen      total 14336K, used 20K [0x00000000ff000000, 0x0000000100000000, 0x0000000100000000)
  eden space 12288K, 0% used [0x00000000ff000000,0x00000000ff005268,0x00000000ffc00000)
  from space 2048K, 0% used [0x00000000ffc00000,0x00000000ffc00000,0x00000000ffe00000)
  to   space 2048K, 0% used [0x00000000ffe00000,0x00000000ffe00000,0x0000000100000000)
 ParOldGen       total 61440K, used 20516K [0x00000000d8000000, 0x00000000dbc00000, 0x00000000ff000000)
  object space 61440K, 33% used [0x00000000d8000000,0x00000000d94091d0,0x00000000dbc00000)
 Metaspace       used 41006K, capacity 41328K, committed 41688K, reserved 1087488K
  class space    used 3371K, capacity 3492K, committed 3584K, reserved 1048576K
Event: 92.781 GC heap after
Heap after GC invocations=44 (full 4):
 PSYoungGen      total 14336K, used 32K [0x00000000ff000000, 0x0000000100000000, 0x0000000100000000)
  eden space 12288K, 0% used [0x00000000ff000000,0x00000000ff000000,0x00000000ffc00000)
  from space 2048K, 1% used [0x00000000ffe00000,0x00000000ffe08000,0x0000000100000000)
  to   space 2048K, 0% used [0x00000000ffc00000,0x00000000ffc00000,0x00000000ffe00000)
 ParOldGen       total 61440K, used 20516K [0x00000000d8000000, 0x00000000dbc00000, 0x00000000ff000000)
  object space 61440K, 33% used [0x00000000d8000000,0x00000000d94091d0,0x00000000dbc00000)
 Metaspace       used 41006K, capacity 41328K, committed 41688K, reserved 1087488K
  class space    used 3371K, capacity 3492K, committed 3584K, reserved 1048576K
}
Event: 92.781 GC heap before
{Heap before GC invocations=45 (full 5):
 PSYoungGen      total 14336K, used 32K [0x00000000ff000000, 0x0000000100000000, 0x0000000100000000)
  eden space 12288K, 0% used [0x00000000ff000000,0x00000000ff000000,0x00000000ffc00000)
  from space 2048K, 1% used [0x00000000ffe00000,0x00000000ffe08000,0x0000000100000000)
  to   space 2048K, 0% used [0x00000000ffc00000,0x00000000ffc00000,0x00000000ffe00000)
 ParOldGen       total 61440K, used 20516K [0x00000000d8000000, 0x00000000dbc00000, 0x00000000ff000000)
  object space 61440K, 33% used [0x00000000d8000000,0x00000000d94091d0,0x00000000dbc00000)
 Metaspace       used 41006K, capacity 41328K, committed 41688K, reserved 1087488K
  class space    used 3371K, capacity 3492K, committed 3584K, reserved 1048576K
Event: 92.845 GC heap after
Heap after GC invocations=45 (full 5):
 PSYoungGen      total 14336K, used 0K [0x00000000ff000000, 0x0000000100000000, 0x0000000100000000)
  eden space 12288K, 0% used [0x00000000ff000000,0x00000000ff000000,0x00000000ffc00000)
  from space 2048K, 0% used [0x00000000ffe00000,0x00000000ffe00000,0x0000000100000000)
  to   space 2048K, 0% used [0x00000000ffc00000,0x00000000ffc00000,0x00000000ffe00000)
 ParOldGen       total 61440K, used 20516K [0x00000000d8000000, 0x00000000dbc00000, 0x00000000ff000000)
  object space 61440K, 33% used [0x00000000d8000000,0x00000000d9409158,0x00000000dbc00000)
 Metaspace       used 41006K, capacity 41328K, committed 41688K, reserved 1087488K
  class space    used 3371K, capacity 3492K, committed 3584K, reserved 1048576K
}
Event: 94.846 GC heap before
{Heap before GC invocations=46 (full 5):
 PSYoungGen      total 14336K, used 20K [0x00000000ff000000, 0x0000000100000000, 0x0000000100000000)
  eden space 12288K, 0% used [0x00000000ff000000,0x00000000ff005268,0x00000000ffc00000)
  from space 2048K, 0% used [0x00000000ffe00000,0x00000000ffe00000,0x0000000100000000)
  to   space 2048K, 0% used [0x00000000ffc00000,0x00000000ffc00000,0x00000000ffe00000)
 ParOldGen       total 61440K, used 20516K [0x00000000d8000000, 0x00000000dbc00000, 0x00000000ff000000)
  object space 61440K, 33% used [0x00000000d8000000,0x00000000d9409158,0x00000000dbc00000)
 Metaspace       used 41006K, capacity 41328K, committed 41688K, reserved 1087488K
  class space    used 3371K, capacity 3492K, committed 3584K, reserved 1048576K
Event: 94.848 GC heap after
Heap after GC invocations=46 (full 5):
 PSYoungGen      total 14336K, used 64K [0x00000000ff000000, 0x0000000100000000, 0x0000000100000000)
  eden space 12288K, 0% used [0x00000000ff000000,0x00000000ff000000,0x00000000ffc00000)
  from space 2048K, 3% used [0x00000000ffc00000,0x00000000ffc10000,0x00000000ffe00000)
  to   space 2048K, 0% used [0x00000000ffe00000,0x00000000ffe00000,0x0000000100000000)
 ParOldGen       total 61440K, used 20516K [0x00000000d8000000, 0x00000000dbc00000, 0x00000000ff000000)
  object space 61440K, 33% used [0x00000000d8000000,0x00000000d9409158,0x00000000dbc00000)
 Metaspace       used 41006K, capacity 41328K, committed 41688K, reserved 1087488K
  class space    used 3371K, capacity 3492K, committed 3584K, reserved 1048576K
}
Event: 94.848 GC heap before
{Heap before GC invocations=47 (full 6):
 PSYoungGen      total 14336K, used 64K [0x00000000ff000000, 0x0000000100000000, 0x0000000100000000)
  eden space 12288K, 0% used [0x00000000ff000000,0x00000000ff000000,0x00000000ffc00000)
  from space 2048K, 3% used [0x00000000ffc00000,0x00000000ffc10000,0x00000000ffe00000)
  to   space 2048K, 0% used [0x00000000ffe00000,0x00000000ffe00000,0x0000000100000000)
 ParOldGen       total 61440K, used 20516K [0x00000000d8000000, 0x00000000dbc00000, 0x00000000ff000000)
  object space 61440K, 33% used [0x00000000d8000000,0x00000000d9409158,0x00000000dbc00000)
 Metaspace       used 41006K, capacity 41328K, committed 41688K, reserved 1087488K
  class space    used 3371K, capacity 3492K, committed 3584K, reserved 1048576K
Event: 94.920 GC heap after
Heap after GC invocations=47 (full 6):
 PSYoungGen      total 14336K, used 0K [0x00000000ff000000, 0x0000000100000000, 0x0000000100000000)
  eden space 12288K, 0% used [0x00000000ff000000,0x00000000ff000000,0x00000000ffc00000)
  from space 2048K, 0% used [0x00000000ffc00000,0x00000000ffc00000,0x00000000ffe00000)
  to   space 2048K, 0% used [0x00000000ffe00000,0x00000000ffe00000,0x0000000100000000)
 ParOldGen       total 61440K, used 20515K [0x00000000d8000000, 0x00000000dbc00000, 0x00000000ff000000)
  object space 61440K, 33% used [0x00000000d8000000,0x00000000d9408e40,0x00000000dbc00000)
 Metaspace       used 41006K, capacity 41328K, committed 41688K, reserved 1087488K
  class space    used 3371K, capacity 3492K, committed 3584K, reserved 1048576K
}

