# JRE version: OpenJDK Runtime Environment (8.0) (build 1.8.0-internal-root_2019_11_03_23_08-b00)
# Java VM: OpenJDK 64-Bit Server VM (25.71-b00 mixed mode linux-amd64 compressed oops)
Heap:
 PSYoungGen      total 14336K, used 27K [0x00000000ff000000, 0x0000000100000000, 0x0000000100000000)
  eden space 12288K, 0% used [0x00000000ff000000,0x00000000ff006e88,0x00000000ffc00000)
  from space 2048K, 0% used [0x00000000ffc00000,0x00000000ffc00000,0x00000000ffe00000)
  to   space 2048K, 0% used [0x00000000ffe00000,0x00000000ffe00000,0x0000000100000000)
 ParOldGen       total 61440K, used 21411K [0x00000000d8000000, 0x00000000dbc00000, 0x00000000ff000000)
  object space 61440K, 34% used [0x00000000d8000000,0x00000000d94e8d20,0x00000000dbc00000)
 Metaspace       used 40284K, capacity 40656K, committed 41048K, reserved 1087488K
  class space    used 3273K, capacity 3396K, committed 3456K, reserved 1048576K
GC Heap History (10 events):
Event: 113.382 GC heap before
{Heap before GC invocations=38 (full 5):
 PSYoungGen      total 14336K, used 64K [0x00000000ff000000, 0x0000000100000000, 0x0000000100000000)
  eden space 12288K, 0% used [0x00000000ff000000,0x00000000ff000000,0x00000000ffc00000)
  from space 2048K, 3% used [0x00000000ffc00000,0x00000000ffc10000,0x00000000ffe00000)
  to   space 2048K, 0% used [0x00000000ffe00000,0x00000000ffe00000,0x0000000100000000)
 ParOldGen       total 61440K, used 21394K [0x00000000d8000000, 0x00000000dbc00000, 0x00000000ff000000)
  object space 61440K, 34% used [0x00000000d8000000,0x00000000d94e4918,0x00000000dbc00000)
 Metaspace       used 40271K, capacity 40656K, committed 41048K, reserved 1087488K
  class space    used 3273K, capacity 3396K, committed 3456K, reserved 1048576K
Event: 113.431 GC heap after
Heap after GC invocations=38 (full 5):
 PSYoungGen      total 14336K, used 0K [0x00000000ff000000, 0x0000000100000000, 0x0000000100000000)
  eden space 12288K, 0% used [0x00000000ff000000,0x00000000ff000000,0x00000000ffc00000)
  from space 2048K, 0% used [0x00000000ffc00000,0x00000000ffc00000,0x00000000ffe00000)
  to   space 2048K, 0% used [0x00000000ffe00000,0x00000000ffe00000,0x0000000100000000)
 ParOldGen       total 61440K, used 21394K [0x00000000d8000000, 0x00000000dbc00000, 0x00000000ff000000)
  object space 61440K, 34% used [0x00000000d8000000,0x00000000d94e4918,0x00000000dbc00000)
 Metaspace       used 40271K, capacity 40656K, committed 41048K, reserved 1087488K
  class space    used 3273K, capacity 3396K, committed 3456K, reserved 1048576K
}
Event: 115.433 GC heap before
{Heap before GC invocations=39 (full 5):
 PSYoungGen      total 14336K, used 21K [0x00000000ff000000, 0x0000000100000000, 0x0000000100000000)
  eden space 12288K, 0% used [0x00000000ff000000,0x00000000ff0057a0,0x00000000ffc00000)
  from space 2048K, 0% used [0x00000000ffc00000,0x00000000ffc00000,0x00000000ffe00000)
  to   space 2048K, 0% used [0x00000000ffe00000,0x00000000ffe00000,0x0000000100000000)
 ParOldGen       total 61440K, used 21394K [0x00000000d8000000, 0x00000000dbc00000, 0x00000000ff000000)
  object space 61440K, 34% used [0x00000000d8000000,0x00000000d94e4918,0x00000000dbc00000)
 Metaspace       used 40271K, capacity 40656K, committed 41048K, reserved 1087488K
  class space    used 3273K, capacity 3396K, committed 3456K, reserved 1048576K
Event: 115.434 GC heap after
Heap after GC invocations=39 (full 5):
 PSYoungGen      total 14336K, used 64K [0x00000000ff000000, 0x0000000100000000, 0x0000000100000000)
  eden space 12288K, 0% used [0x00000000ff000000,0x00000000ff000000,0x00000000ffc00000)
  from space 2048K, 3% used [0x00000000ffe00000,0x00000000ffe10000,0x0000000100000000)
  to   space 2048K, 0% used [0x00000000ffc00000,0x00000000ffc00000,0x00000000ffe00000)
 ParOldGen       total 61440K, used 21394K [0x00000000d8000000, 0x00000000dbc00000, 0x00000000ff000000)
  object space 61440K, 34% used [0x00000000d8000000,0x00000000d94e4918,0x00000000dbc00000)
 Metaspace       used 40271K, capacity 40656K, committed 41048K, reserved 1087488K
  class space    used 3273K, capacity 3396K, committed 3456K, reserved 1048576K
}
Event: 115.434 GC heap before
{Heap before GC invocations=40 (full 6):
 PSYoungGen      total 14336K, used 64K [0x00000000ff000000, 0x0000000100000000, 0x0000000100000000)
  eden space 12288K, 0% used [0x00000000ff000000,0x00000000ff000000,0x00000000ffc00000)
  from space 2048K, 3% used [0x00000000ffe00000,0x00000000ffe10000,0x0000000100000000)
  to   space 2048K, 0% used [0x00000000ffc00000,0x00000000ffc00000,0x00000000ffe00000)
 ParOldGen       total 61440K, used 21394K [0x00000000d8000000, 0x00000000dbc00000, 0x00000000ff000000)
  object space 61440K, 34% used [0x00000000d8000000,0x00000000d94e4918,0x00000000dbc00000)
 Metaspace       used 40271K, capacity 40656K, committed 41048K, reserved 1087488K
  class space    used 3273K, capacity 3396K, committed 3456K, reserved 1048576K
Event: 115.485 GC heap after
Heap after GC invocations=40 (full 6):
 PSYoungGen      total 14336K, used 0K [0x00000000ff000000, 0x0000000100000000, 0x0000000100000000)
  eden space 12288K, 0% used [0x00000000ff000000,0x00000000ff000000,0x00000000ffc00000)
  from space 2048K, 0% used [0x00000000ffe00000,0x00000000ffe00000,0x0000000100000000)
  to   space 2048K, 0% used [0x00000000ffc00000,0x00000000ffc00000,0x00000000ffe00000)
 ParOldGen       total 61440K, used 21394K [0x00000000d8000000, 0x00000000dbc00000, 0x00000000ff000000)
  object space 61440K, 34% used [0x00000000d8000000,0x00000000d94e4918,0x00000000dbc00000)
 Metaspace       used 40271K, capacity 40656K, committed 41048K, reserved 1087488K
  class space    used 3273K, capacity 3396K, committed 3456K, reserved 1048576K
}
Event: 183.517 GC heap before
{Heap before GC invocations=41 (full 6):
 PSYoungGen      total 14336K, used 56K [0x00000000ff000000, 0x0000000100000000, 0x0000000100000000)
  eden space 12288K, 0% used [0x00000000ff000000,0x00000000ff00e1e8,0x00000000ffc00000)
  from space 2048K, 0% used [0x00000000ffe00000,0x00000000ffe00000,0x0000000100000000)
  to   space 2048K, 0% used [0x00000000ffc00000,0x00000000ffc00000,0x00000000ffe00000)
 ParOldGen       total 61440K, used 21394K [0x00000000d8000000, 0x00000000dbc00000, 0x00000000ff000000)
  object space 61440K, 34% used [0x00000000d8000000,0x00000000d94e4918,0x00000000dbc00000)
 Metaspace       used 40276K, capacity 40656K, committed 41048K, reserved 1087488K
  class space    used 3273K, capacity 3396K, committed 3456K, reserved 1048576K
Event: 183.519 GC heap after
Heap after GC invocations=41 (full 6):
 PSYoungGen      total 14336K, used 98K [0x00000000ff000000, 0x0000000100000000, 0x0000000100000000)
  eden space 12288K, 0% used [0x00000000ff000000,0x00000000ff000000,0x00000000ffc00000)
  from space 2048K, 4% used [0x00000000ffc00000,0x00000000ffc18810,0x00000000ffe00000)
  to   space 2048K, 0% used [0x00000000ffe00000,0x00000000ffe00000,0x0000000100000000)
 ParOldGen       total 61440K, used 21394K [0x00000000d8000000, 0x00000000dbc00000, 0x00000000ff000000)
  object space 61440K, 34% used [0x00000000d8000000,0x00000000d94e4918,0x00000000dbc00000)
 Metaspace       used 40276K, capacity 40656K, committed 41048K, reserved 1087488K
  class space    used 3273K, capacity 3396K, committed 3456K, reserved 1048576K
}
Event: 183.519 GC heap before
{Heap before GC invocations=42 (full 7):
 PSYoungGen      total 14336K, used 98K [0x00000000ff000000, 0x0000000100000000, 0x0000000100000000)
  eden space 12288K, 0% used [0x00000000ff000000,0x00000000ff000000,0x00000000ffc00000)
  from space 2048K, 4% used [0x00000000ffc00000,0x00000000ffc18810,0x00000000ffe00000)
  to   space 2048K, 0% used [0x00000000ffe00000,0x00000000ffe00000,0x0000000100000000)
 ParOldGen       total 61440K, used 21394K [0x00000000d8000000, 0x00000000dbc00000, 0x00000000ff000000)
  object space 61440K, 34% used [0x00000000d8000000,0x00000000d94e4918,0x00000000dbc00000)
 Metaspace       used 40276K, capacity 40656K, committed 41048K, reserved 1087488K
  class space    used 3273K, capacity 3396K, committed 3456K, reserved 1048576K
Event: 183.566 GC heap after
Heap after GC invocations=42 (full 7):
 PSYoungGen      total 14336K, used 0K [0x00000000ff000000, 0x0000000100000000, 0x0000000100000000)
  eden space 12288K, 0% used [0x00000000ff000000,0x00000000ff000000,0x00000000ffc00000)
  from space 2048K, 0% used [0x00000000ffc00000,0x00000000ffc00000,0x00000000ffe00000)
  to   space 2048K, 0% used [0x00000000ffe00000,0x00000000ffe00000,0x0000000100000000)
 ParOldGen       total 61440K, used 21411K [0x00000000d8000000, 0x00000000dbc00000, 0x00000000ff000000)
  object space 61440K, 34% used [0x00000000d8000000,0x00000000d94e8d20,0x00000000dbc00000)
 Metaspace       used 40276K, capacity 40656K, committed 41048K, reserved 1087488K
  class space    used 3273K, capacity 3396K, committed 3456K, reserved 1048576K
}

