# JRE version: OpenJDK Runtime Environment (8.0) (build 1.8.0-internal-root_2019_11_03_23_08-b00)
# Java VM: OpenJDK 64-Bit Server VM (25.71-b00 mixed mode linux-amd64 compressed oops)
Heap:
 PSYoungGen      total 14336K, used 10K [0x00000000ff000000, 0x0000000100000000, 0x0000000100000000)
  eden space 12288K, 0% used [0x00000000ff000000,0x00000000ff002bb0,0x00000000ffc00000)
  from space 2048K, 0% used [0x00000000ffc00000,0x00000000ffc00000,0x00000000ffe00000)
  to   space 2048K, 0% used [0x00000000ffe00000,0x00000000ffe00000,0x0000000100000000)
 ParOldGen       total 61440K, used 22974K [0x00000000d8000000, 0x00000000dbc00000, 0x00000000ff000000)
  object space 61440K, 37% used [0x00000000d8000000,0x00000000d966f960,0x00000000dbc00000)
 Metaspace       used 43875K, capacity 44156K, committed 44416K, reserved 1089536K
  class space    used 3601K, capacity 3686K, committed 3712K, reserved 1048576K
GC Heap History (10 events):
Event: 330.125 GC heap before
{Heap before GC invocations=48 (full 7):
 PSYoungGen      total 14336K, used 64K [0x00000000ff000000, 0x0000000100000000, 0x0000000100000000)
  eden space 12288K, 0% used [0x00000000ff000000,0x00000000ff000000,0x00000000ffc00000)
  from space 2048K, 3% used [0x00000000ffc00000,0x00000000ffc10000,0x00000000ffe00000)
  to   space 2048K, 0% used [0x00000000ffe00000,0x00000000ffe00000,0x0000000100000000)
 ParOldGen       total 61440K, used 22906K [0x00000000d8000000, 0x00000000dbc00000, 0x00000000ff000000)
  object space 61440K, 37% used [0x00000000d8000000,0x00000000d965e828,0x00000000dbc00000)
 Metaspace       used 43866K, capacity 44092K, committed 44416K, reserved 1089536K
  class space    used 3600K, capacity 3686K, committed 3712K, reserved 1048576K
Event: 330.186 GC heap after
Heap after GC invocations=48 (full 7):
 PSYoungGen      total 14336K, used 0K [0x00000000ff000000, 0x0000000100000000, 0x0000000100000000)
  eden space 12288K, 0% used [0x00000000ff000000,0x00000000ff000000,0x00000000ffc00000)
  from space 2048K, 0% used [0x00000000ffc00000,0x00000000ffc00000,0x00000000ffe00000)
  to   space 2048K, 0% used [0x00000000ffe00000,0x00000000ffe00000,0x0000000100000000)
 ParOldGen       total 61440K, used 22906K [0x00000000d8000000, 0x00000000dbc00000, 0x00000000ff000000)
  object space 61440K, 37% used [0x00000000d8000000,0x00000000d965e828,0x00000000dbc00000)
 Metaspace       used 43866K, capacity 44092K, committed 44416K, reserved 1089536K
  class space    used 3600K, capacity 3686K, committed 3712K, reserved 1048576K
}
Event: 363.203 GC heap before
{Heap before GC invocations=49 (full 7):
 PSYoungGen      total 14336K, used 11K [0x00000000ff000000, 0x0000000100000000, 0x0000000100000000)
  eden space 12288K, 0% used [0x00000000ff000000,0x00000000ff002d20,0x00000000ffc00000)
  from space 2048K, 0% used [0x00000000ffc00000,0x00000000ffc00000,0x00000000ffe00000)
  to   space 2048K, 0% used [0x00000000ffe00000,0x00000000ffe00000,0x0000000100000000)
 ParOldGen       total 61440K, used 22906K [0x00000000d8000000, 0x00000000dbc00000, 0x00000000ff000000)
  object space 61440K, 37% used [0x00000000d8000000,0x00000000d965e828,0x00000000dbc00000)
 Metaspace       used 43866K, capacity 44092K, committed 44416K, reserved 1089536K
  class space    used 3600K, capacity 3686K, committed 3712K, reserved 1048576K
Event: 363.204 GC heap after
Heap after GC invocations=49 (full 7):
 PSYoungGen      total 14336K, used 64K [0x00000000ff000000, 0x0000000100000000, 0x0000000100000000)
  eden space 12288K, 0% used [0x00000000ff000000,0x00000000ff000000,0x00000000ffc00000)
  from space 2048K, 3% used [0x00000000ffe00000,0x00000000ffe10000,0x0000000100000000)
  to   space 2048K, 0% used [0x00000000ffc00000,0x00000000ffc00000,0x00000000ffe00000)
 ParOldGen       total 61440K, used 22906K [0x00000000d8000000, 0x00000000dbc00000, 0x00000000ff000000)
  object space 61440K, 37% used [0x00000000d8000000,0x00000000d965e828,0x00000000dbc00000)
 Metaspace       used 43866K, capacity 44092K, committed 44416K, reserved 1089536K
  class space    used 3600K, capacity 3686K, committed 3712K, reserved 1048576K
}
Event: 363.204 GC heap before
{Heap before GC invocations=50 (full 8):
 PSYoungGen      total 14336K, used 64K [0x00000000ff000000, 0x0000000100000000, 0x0000000100000000)
  eden space 12288K, 0% used [0x00000000ff000000,0x00000000ff000000,0x00000000ffc00000)
  from space 2048K, 3% used [0x00000000ffe00000,0x00000000ffe10000,0x0000000100000000)
  to   space 2048K, 0% used [0x00000000ffc00000,0x00000000ffc00000,0x00000000ffe00000)
 ParOldGen       total 61440K, used 22906K [0x00000000d8000000, 0x00000000dbc00000, 0x00000000ff000000)
  object space 61440K, 37% used [0x00000000d8000000,0x00000000d965e828,0x00000000dbc00000)
 Metaspace       used 43866K, capacity 44092K, committed 44416K, reserved 1089536K
  class space    used 3600K, capacity 3686K, committed 3712K, reserved 1048576K
Event: 363.244 GC heap after
Heap after GC invocations=50 (full 8):
 PSYoungGen      total 14336K, used 0K [0x00000000ff000000, 0x0000000100000000, 0x0000000100000000)
  eden space 12288K, 0% used [0x00000000ff000000,0x00000000ff000000,0x00000000ffc00000)
  from space 2048K, 0% used [0x00000000ffe00000,0x00000000ffe00000,0x0000000100000000)
  to   space 2048K, 0% used [0x00000000ffc00000,0x00000000ffc00000,0x00000000ffe00000)
 ParOldGen       total 61440K, used 22906K [0x00000000d8000000, 0x00000000dbc00000, 0x00000000ff000000)
  object space 61440K, 37% used [0x00000000d8000000,0x00000000d965e828,0x00000000dbc00000)
 Metaspace       used 43866K, capacity 44092K, committed 44416K, reserved 1089536K
  class space    used 3600K, capacity 3686K, committed 3712K, reserved 1048576K
}
Event: 543.344 GC heap before
{Heap before GC invocations=51 (full 8):
 PSYoungGen      total 14336K, used 202K [0x00000000ff000000, 0x0000000100000000, 0x0000000100000000)
  eden space 12288K, 1% used [0x00000000ff000000,0x00000000ff032950,0x00000000ffc00000)
  from space 2048K, 0% used [0x00000000ffe00000,0x00000000ffe00000,0x0000000100000000)
  to   space 2048K, 0% used [0x00000000ffc00000,0x00000000ffc00000,0x00000000ffe00000)
 ParOldGen       total 61440K, used 22906K [0x00000000d8000000, 0x00000000dbc00000, 0x00000000ff000000)
  object space 61440K, 37% used [0x00000000d8000000,0x00000000d965e828,0x00000000dbc00000)
 Metaspace       used 43866K, capacity 44092K, committed 44416K, reserved 1089536K
  class space    used 3600K, capacity 3686K, committed 3712K, reserved 1048576K
Event: 543.346 GC heap after
Heap after GC invocations=51 (full 8):
 PSYoungGen      total 14336K, used 168K [0x00000000ff000000, 0x0000000100000000, 0x0000000100000000)
  eden space 12288K, 0% used [0x00000000ff000000,0x00000000ff000000,0x00000000ffc00000)
  from space 2048K, 8% used [0x00000000ffc00000,0x00000000ffc2a010,0x00000000ffe00000)
  to   space 2048K, 0% used [0x00000000ffe00000,0x00000000ffe00000,0x0000000100000000)
 ParOldGen       total 61440K, used 22906K [0x00000000d8000000, 0x00000000dbc00000, 0x00000000ff000000)
  object space 61440K, 37% used [0x00000000d8000000,0x00000000d965e828,0x00000000dbc00000)
 Metaspace       used 43866K, capacity 44092K, committed 44416K, reserved 1089536K
  class space    used 3600K, capacity 3686K, committed 3712K, reserved 1048576K
}
Event: 543.346 GC heap before
{Heap before GC invocations=52 (full 9):
 PSYoungGen      total 14336K, used 168K [0x00000000ff000000, 0x0000000100000000, 0x0000000100000000)
  eden space 12288K, 0% used [0x00000000ff000000,0x00000000ff000000,0x00000000ffc00000)
  from space 2048K, 8% used [0x00000000ffc00000,0x00000000ffc2a010,0x00000000ffe00000)
  to   space 2048K, 0% used [0x00000000ffe00000,0x00000000ffe00000,0x0000000100000000)
 ParOldGen       total 61440K, used 22906K [0x00000000d8000000, 0x00000000dbc00000, 0x00000000ff000000)
  object space 61440K, 37% used [0x00000000d8000000,0x00000000d965e828,0x00000000dbc00000)
 Metaspace       used 43866K, capacity 44092K, committed 44416K, reserved 1089536K
  class space    used 3600K, capacity 3686K, committed 3712K, reserved 1048576K
Event: 543.416 GC heap after
Heap after GC invocations=52 (full 9):
 PSYoungGen      total 14336K, used 0K [0x00000000ff000000, 0x0000000100000000, 0x0000000100000000)
  eden space 12288K, 0% used [0x00000000ff000000,0x00000000ff000000,0x00000000ffc00000)
  from space 2048K, 0% used [0x00000000ffc00000,0x00000000ffc00000,0x00000000ffe00000)
  to   space 2048K, 0% used [0x00000000ffe00000,0x00000000ffe00000,0x0000000100000000)
 ParOldGen       total 61440K, used 22974K [0x00000000d8000000, 0x00000000dbc00000, 0x00000000ff000000)
  object space 61440K, 37% used [0x00000000d8000000,0x00000000d966f960,0x00000000dbc00000)
 Metaspace       used 43866K, capacity 44092K, committed 44416K, reserved 1089536K
  class space    used 3600K, capacity 3686K, committed 3712K, reserved 1048576K
}

