# JRE version: OpenJDK Runtime Environment (8.0) (build 1.8.0-internal-root_2019_11_03_23_08-b00)
# Java VM: OpenJDK 64-Bit Server VM (25.71-b00 mixed mode linux-amd64 compressed oops)
Heap:
 PSYoungGen      total 13824K, used 1777K [0x00000000ff000000, 0x00000000ffe00000, 0x0000000100000000)
  eden space 12800K, 13% used [0x00000000ff000000,0x00000000ff1bc460,0x00000000ffc80000)
  from space 1024K, 0% used [0x00000000ffc80000,0x00000000ffc80000,0x00000000ffd80000)
  to   space 512K, 0% used [0x00000000ffd80000,0x00000000ffd80000,0x00000000ffe00000)
 ParOldGen       total 61440K, used 22983K [0x00000000d8000000, 0x00000000dbc00000, 0x00000000ff000000)
  object space 61440K, 37% used [0x00000000d8000000,0x00000000d9671cd8,0x00000000dbc00000)
 Metaspace       used 42507K, capacity 42826K, committed 43224K, reserved 1089536K
  class space    used 3428K, capacity 3519K, committed 3584K, reserved 1048576K
GC Heap History (10 events):
Event: 8164.874 GC heap before
{Heap before GC invocations=181 (full 54):
 PSYoungGen      total 13824K, used 32K [0x00000000ff000000, 0x00000000ffe80000, 0x0000000100000000)
  eden space 12800K, 0% used [0x00000000ff000000,0x00000000ff000000,0x00000000ffc80000)
  from space 1024K, 3% used [0x00000000ffc80000,0x00000000ffc88000,0x00000000ffd80000)
  to   space 1024K, 0% used [0x00000000ffd80000,0x00000000ffd80000,0x00000000ffe80000)
 ParOldGen       total 61440K, used 22983K [0x00000000d8000000, 0x00000000dbc00000, 0x00000000ff000000)
  object space 61440K, 37% used [0x00000000d8000000,0x00000000d9671cd8,0x00000000dbc00000)
 Metaspace       used 42504K, capacity 42826K, committed 43224K, reserved 1089536K
  class space    used 3427K, capacity 3519K, committed 3584K, reserved 1048576K
Event: 8164.918 GC heap after
Heap after GC invocations=181 (full 54):
 PSYoungGen      total 13824K, used 0K [0x00000000ff000000, 0x00000000ffe80000, 0x0000000100000000)
  eden space 12800K, 0% used [0x00000000ff000000,0x00000000ff000000,0x00000000ffc80000)
  from space 1024K, 0% used [0x00000000ffc80000,0x00000000ffc80000,0x00000000ffd80000)
  to   space 1024K, 0% used [0x00000000ffd80000,0x00000000ffd80000,0x00000000ffe80000)
 ParOldGen       total 61440K, used 22983K [0x00000000d8000000, 0x00000000dbc00000, 0x00000000ff000000)
  object space 61440K, 37% used [0x00000000d8000000,0x00000000d9671cd8,0x00000000dbc00000)
 Metaspace       used 42504K, capacity 42826K, committed 43224K, reserved 1089536K
  class space    used 3427K, capacity 3519K, committed 3584K, reserved 1048576K
}
Event: 8345.029 GC heap before
{Heap before GC invocations=182 (full 54):
 PSYoungGen      total 13824K, used 52K [0x00000000ff000000, 0x00000000ffe80000, 0x0000000100000000)
  eden space 12800K, 0% used [0x00000000ff000000,0x00000000ff00d3d0,0x00000000ffc80000)
  from space 1024K, 0% used [0x00000000ffc80000,0x00000000ffc80000,0x00000000ffd80000)
  to   space 1024K, 0% used [0x00000000ffd80000,0x00000000ffd80000,0x00000000ffe80000)
 ParOldGen       total 61440K, used 22983K [0x00000000d8000000, 0x00000000dbc00000, 0x00000000ff000000)
  object space 61440K, 37% used [0x00000000d8000000,0x00000000d9671cd8,0x00000000dbc00000)
 Metaspace       used 42504K, capacity 42826K, committed 43224K, reserved 1089536K
  class space    used 3427K, capacity 3519K, committed 3584K, reserved 1048576K
Event: 8345.031 GC heap after
Heap after GC invocations=182 (full 54):
 PSYoungGen      total 13824K, used 64K [0x00000000ff000000, 0x00000000ffe80000, 0x0000000100000000)
  eden space 12800K, 0% used [0x00000000ff000000,0x00000000ff000000,0x00000000ffc80000)
  from space 1024K, 6% used [0x00000000ffd80000,0x00000000ffd90000,0x00000000ffe80000)
  to   space 1024K, 0% used [0x00000000ffc80000,0x00000000ffc80000,0x00000000ffd80000)
 ParOldGen       total 61440K, used 22983K [0x00000000d8000000, 0x00000000dbc00000, 0x00000000ff000000)
  object space 61440K, 37% used [0x00000000d8000000,0x00000000d9671cd8,0x00000000dbc00000)
 Metaspace       used 42504K, capacity 42826K, committed 43224K, reserved 1089536K
  class space    used 3427K, capacity 3519K, committed 3584K, reserved 1048576K
}
Event: 8345.031 GC heap before
{Heap before GC invocations=183 (full 55):
 PSYoungGen      total 13824K, used 64K [0x00000000ff000000, 0x00000000ffe80000, 0x0000000100000000)
  eden space 12800K, 0% used [0x00000000ff000000,0x00000000ff000000,0x00000000ffc80000)
  from space 1024K, 6% used [0x00000000ffd80000,0x00000000ffd90000,0x00000000ffe80000)
  to   space 1024K, 0% used [0x00000000ffc80000,0x00000000ffc80000,0x00000000ffd80000)
 ParOldGen       total 61440K, used 22983K [0x00000000d8000000, 0x00000000dbc00000, 0x00000000ff000000)
  object space 61440K, 37% used [0x00000000d8000000,0x00000000d9671cd8,0x00000000dbc00000)
 Metaspace       used 42504K, capacity 42826K, committed 43224K, reserved 1089536K
  class space    used 3427K, capacity 3519K, committed 3584K, reserved 1048576K
Event: 8345.082 GC heap after
Heap after GC invocations=183 (full 55):
 PSYoungGen      total 13824K, used 0K [0x00000000ff000000, 0x00000000ffe80000, 0x0000000100000000)
  eden space 12800K, 0% used [0x00000000ff000000,0x00000000ff000000,0x00000000ffc80000)
  from space 1024K, 0% used [0x00000000ffd80000,0x00000000ffd80000,0x00000000ffe80000)
  to   space 1024K, 0% used [0x00000000ffc80000,0x00000000ffc80000,0x00000000ffd80000)
 ParOldGen       total 61440K, used 22983K [0x00000000d8000000, 0x00000000dbc00000, 0x00000000ff000000)
  object space 61440K, 37% used [0x00000000d8000000,0x00000000d9671cd8,0x00000000dbc00000)
 Metaspace       used 42504K, capacity 42826K, committed 43224K, reserved 1089536K
  class space    used 3427K, capacity 3519K, committed 3584K, reserved 1048576K
}
Event: 8525.163 GC heap before
{Heap before GC invocations=184 (full 55):
 PSYoungGen      total 13824K, used 48K [0x00000000ff000000, 0x00000000ffe80000, 0x0000000100000000)
  eden space 12800K, 0% used [0x00000000ff000000,0x00000000ff00c258,0x00000000ffc80000)
  from space 1024K, 0% used [0x00000000ffd80000,0x00000000ffd80000,0x00000000ffe80000)
  to   space 1024K, 0% used [0x00000000ffc80000,0x00000000ffc80000,0x00000000ffd80000)
 ParOldGen       total 61440K, used 22983K [0x00000000d8000000, 0x00000000dbc00000, 0x00000000ff000000)
  object space 61440K, 37% used [0x00000000d8000000,0x00000000d9671cd8,0x00000000dbc00000)
 Metaspace       used 42504K, capacity 42826K, committed 43224K, reserved 1089536K
  class space    used 3427K, capacity 3519K, committed 3584K, reserved 1048576K
Event: 8525.165 GC heap after
Heap after GC invocations=184 (full 55):
 PSYoungGen      total 13824K, used 32K [0x00000000ff000000, 0x00000000ffe00000, 0x0000000100000000)
  eden space 12800K, 0% used [0x00000000ff000000,0x00000000ff000000,0x00000000ffc80000)
  from space 1024K, 3% used [0x00000000ffc80000,0x00000000ffc88000,0x00000000ffd80000)
  to   space 512K, 0% used [0x00000000ffd80000,0x00000000ffd80000,0x00000000ffe00000)
 ParOldGen       total 61440K, used 22983K [0x00000000d8000000, 0x00000000dbc00000, 0x00000000ff000000)
  object space 61440K, 37% used [0x00000000d8000000,0x00000000d9671cd8,0x00000000dbc00000)
 Metaspace       used 42504K, capacity 42826K, committed 43224K, reserved 1089536K
  class space    used 3427K, capacity 3519K, committed 3584K, reserved 1048576K
}
Event: 8525.165 GC heap before
{Heap before GC invocations=185 (full 56):
 PSYoungGen      total 13824K, used 32K [0x00000000ff000000, 0x00000000ffe00000, 0x0000000100000000)
  eden space 12800K, 0% used [0x00000000ff000000,0x00000000ff000000,0x00000000ffc80000)
  from space 1024K, 3% used [0x00000000ffc80000,0x00000000ffc88000,0x00000000ffd80000)
  to   space 512K, 0% used [0x00000000ffd80000,0x00000000ffd80000,0x00000000ffe00000)
 ParOldGen       total 61440K, used 22983K [0x00000000d8000000, 0x00000000dbc00000, 0x00000000ff000000)
  object space 61440K, 37% used [0x00000000d8000000,0x00000000d9671cd8,0x00000000dbc00000)
 Metaspace       used 42504K, capacity 42826K, committed 43224K, reserved 1089536K
  class space    used 3427K, capacity 3519K, committed 3584K, reserved 1048576K
Event: 8525.224 GC heap after
Heap after GC invocations=185 (full 56):
 PSYoungGen      total 13824K, used 0K [0x00000000ff000000, 0x00000000ffe00000, 0x0000000100000000)
  eden space 12800K, 0% used [0x00000000ff000000,0x00000000ff000000,0x00000000ffc80000)
  from space 1024K, 0% used [0x00000000ffc80000,0x00000000ffc80000,0x00000000ffd80000)
  to   space 512K, 0% used [0x00000000ffd80000,0x00000000ffd80000,0x00000000ffe00000)
 ParOldGen       total 61440K, used 22983K [0x00000000d8000000, 0x00000000dbc00000, 0x00000000ff000000)
  object space 61440K, 37% used [0x00000000d8000000,0x00000000d9671cd8,0x00000000dbc00000)
 Metaspace       used 42504K, capacity 42826K, committed 43224K, reserved 1089536K
  class space    used 3427K, capacity 3519K, committed 3584K, reserved 1048576K
}

