# JRE version: OpenJDK Runtime Environment (8.0) (build 1.8.0-internal-root_2019_11_03_23_08-b00)
# Java VM: OpenJDK 64-Bit Server VM (25.71-b00 mixed mode linux-amd64 compressed oops)
Heap:
 PSYoungGen      total 14336K, used 34K [0x00000000ff000000, 0x0000000100000000, 0x0000000100000000)
  eden space 12288K, 0% used [0x00000000ff000000,0x00000000ff008938,0x00000000ffc00000)
  from space 2048K, 0% used [0x00000000ffe00000,0x00000000ffe00000,0x0000000100000000)
  to   space 2048K, 0% used [0x00000000ffc00000,0x00000000ffc00000,0x00000000ffe00000)
 ParOldGen       total 61440K, used 20465K [0x00000000d8000000, 0x00000000dbc00000, 0x00000000ff000000)
  object space 61440K, 33% used [0x00000000d8000000,0x00000000d93fc4c8,0x00000000dbc00000)
 Metaspace       used 40557K, capacity 40900K, committed 41304K, reserved 1087488K
  class space    used 3277K, capacity 3390K, committed 3456K, reserved 1048576K
GC Heap History (10 events):
Event: 2003.912 GC heap before
{Heap before GC invocations=64 (full 16):
 PSYoungGen      total 14336K, used 576K [0x00000000ff000000, 0x0000000100000000, 0x0000000100000000)
  eden space 12288K, 0% used [0x00000000ff000000,0x00000000ff000000,0x00000000ffc00000)
  from space 2048K, 28% used [0x00000000ffe00000,0x00000000ffe90010,0x0000000100000000)
  to   space 2048K, 0% used [0x00000000ffc00000,0x00000000ffc00000,0x00000000ffe00000)
 ParOldGen       total 61440K, used 20192K [0x00000000d8000000, 0x00000000dbc00000, 0x00000000ff000000)
  object space 61440K, 32% used [0x00000000d8000000,0x00000000d93b8208,0x00000000dbc00000)
 Metaspace       used 40550K, capacity 40900K, committed 41304K, reserved 1087488K
  class space    used 3276K, capacity 3390K, committed 3456K, reserved 1048576K
Event: 2003.947 GC heap after
Heap after GC invocations=64 (full 16):
 PSYoungGen      total 14336K, used 0K [0x00000000ff000000, 0x0000000100000000, 0x0000000100000000)
  eden space 12288K, 0% used [0x00000000ff000000,0x00000000ff000000,0x00000000ffc00000)
  from space 2048K, 0% used [0x00000000ffe00000,0x00000000ffe00000,0x0000000100000000)
  to   space 2048K, 0% used [0x00000000ffc00000,0x00000000ffc00000,0x00000000ffe00000)
 ParOldGen       total 61440K, used 20464K [0x00000000d8000000, 0x00000000dbc00000, 0x00000000ff000000)
  object space 61440K, 33% used [0x00000000d8000000,0x00000000d93fc208,0x00000000dbc00000)
 Metaspace       used 40550K, capacity 40900K, committed 41304K, reserved 1087488K
  class space    used 3276K, capacity 3390K, committed 3456K, reserved 1048576K
}
Event: 2184.039 GC heap before
{Heap before GC invocations=65 (full 16):
 PSYoungGen      total 14336K, used 54K [0x00000000ff000000, 0x0000000100000000, 0x0000000100000000)
  eden space 12288K, 0% used [0x00000000ff000000,0x00000000ff00daf8,0x00000000ffc00000)
  from space 2048K, 0% used [0x00000000ffe00000,0x00000000ffe00000,0x0000000100000000)
  to   space 2048K, 0% used [0x00000000ffc00000,0x00000000ffc00000,0x00000000ffe00000)
 ParOldGen       total 61440K, used 20464K [0x00000000d8000000, 0x00000000dbc00000, 0x00000000ff000000)
  object space 61440K, 33% used [0x00000000d8000000,0x00000000d93fc208,0x00000000dbc00000)
 Metaspace       used 40550K, capacity 40900K, committed 41304K, reserved 1087488K
  class space    used 3276K, capacity 3390K, committed 3456K, reserved 1048576K
Event: 2184.040 GC heap after
Heap after GC invocations=65 (full 16):
 PSYoungGen      total 14336K, used 64K [0x00000000ff000000, 0x0000000100000000, 0x0000000100000000)
  eden space 12288K, 0% used [0x00000000ff000000,0x00000000ff000000,0x00000000ffc00000)
  from space 2048K, 3% used [0x00000000ffc00000,0x00000000ffc10000,0x00000000ffe00000)
  to   space 2048K, 0% used [0x00000000ffe00000,0x00000000ffe00000,0x0000000100000000)
 ParOldGen       total 61440K, used 20464K [0x00000000d8000000, 0x00000000dbc00000, 0x00000000ff000000)
  object space 61440K, 33% used [0x00000000d8000000,0x00000000d93fc208,0x00000000dbc00000)
 Metaspace       used 40550K, capacity 40900K, committed 41304K, reserved 1087488K
  class space    used 3276K, capacity 3390K, committed 3456K, reserved 1048576K
}
Event: 2184.040 GC heap before
{Heap before GC invocations=66 (full 17):
 PSYoungGen      total 14336K, used 64K [0x00000000ff000000, 0x0000000100000000, 0x0000000100000000)
  eden space 12288K, 0% used [0x00000000ff000000,0x00000000ff000000,0x00000000ffc00000)
  from space 2048K, 3% used [0x00000000ffc00000,0x00000000ffc10000,0x00000000ffe00000)
  to   space 2048K, 0% used [0x00000000ffe00000,0x00000000ffe00000,0x0000000100000000)
 ParOldGen       total 61440K, used 20464K [0x00000000d8000000, 0x00000000dbc00000, 0x00000000ff000000)
  object space 61440K, 33% used [0x00000000d8000000,0x00000000d93fc208,0x00000000dbc00000)
 Metaspace       used 40550K, capacity 40900K, committed 41304K, reserved 1087488K
  class space    used 3276K, capacity 3390K, committed 3456K, reserved 1048576K
Event: 2184.083 GC heap after
Heap after GC invocations=66 (full 17):
 PSYoungGen      total 14336K, used 0K [0x00000000ff000000, 0x0000000100000000, 0x0000000100000000)
  eden space 12288K, 0% used [0x00000000ff000000,0x00000000ff000000,0x00000000ffc00000)
  from space 2048K, 0% used [0x00000000ffc00000,0x00000000ffc00000,0x00000000ffe00000)
  to   space 2048K, 0% used [0x00000000ffe00000,0x00000000ffe00000,0x0000000100000000)
 ParOldGen       total 61440K, used 20464K [0x00000000d8000000, 0x00000000dbc00000, 0x00000000ff000000)
  object space 61440K, 33% used [0x00000000d8000000,0x00000000d93fc208,0x00000000dbc00000)
 Metaspace       used 40550K, capacity 40900K, committed 41304K, reserved 1087488K
  class space    used 3276K, capacity 3390K, committed 3456K, reserved 1048576K
}
Event: 2364.181 GC heap before
{Heap before GC invocations=67 (full 17):
 PSYoungGen      total 14336K, used 49K [0x00000000ff000000, 0x0000000100000000, 0x0000000100000000)
  eden space 12288K, 0% used [0x00000000ff000000,0x00000000ff00c610,0x00000000ffc00000)
  from space 2048K, 0% used [0x00000000ffc00000,0x00000000ffc00000,0x00000000ffe00000)
  to   space 2048K, 0% used [0x00000000ffe00000,0x00000000ffe00000,0x0000000100000000)
 ParOldGen       total 61440K, used 20464K [0x00000000d8000000, 0x00000000dbc00000, 0x00000000ff000000)
  object space 61440K, 33% used [0x00000000d8000000,0x00000000d93fc208,0x00000000dbc00000)
 Metaspace       used 40550K, capacity 40900K, committed 41304K, reserved 1087488K
  class space    used 3276K, capacity 3390K, committed 3456K, reserved 1048576K
Event: 2364.182 GC heap after
Heap after GC invocations=67 (full 17):
 PSYoungGen      total 14336K, used 64K [0x00000000ff000000, 0x0000000100000000, 0x0000000100000000)
  eden space 12288K, 0% used [0x00000000ff000000,0x00000000ff000000,0x00000000ffc00000)
  from space 2048K, 3% used [0x00000000ffe00000,0x00000000ffe10000,0x0000000100000000)
  to   space 2048K, 0% used [0x00000000ffc00000,0x00000000ffc00000,0x00000000ffe00000)
 ParOldGen       total 61440K, used 20464K [0x00000000d8000000, 0x00000000dbc00000, 0x00000000ff000000)
  object space 61440K, 33% used [0x00000000d8000000,0x00000000d93fc208,0x00000000dbc00000)
 Metaspace       used 40550K, capacity 40900K, committed 41304K, reserved 1087488K
  class space    used 3276K, capacity 3390K, committed 3456K, reserved 1048576K
}
Event: 2364.182 GC heap before
{Heap before GC invocations=68 (full 18):
 PSYoungGen      total 14336K, used 64K [0x00000000ff000000, 0x0000000100000000, 0x0000000100000000)
  eden space 12288K, 0% used [0x00000000ff000000,0x00000000ff000000,0x00000000ffc00000)
  from space 2048K, 3% used [0x00000000ffe00000,0x00000000ffe10000,0x0000000100000000)
  to   space 2048K, 0% used [0x00000000ffc00000,0x00000000ffc00000,0x00000000ffe00000)
 ParOldGen       total 61440K, used 20464K [0x00000000d8000000, 0x00000000dbc00000, 0x00000000ff000000)
  object space 61440K, 33% used [0x00000000d8000000,0x00000000d93fc208,0x00000000dbc00000)
 Metaspace       used 40550K, capacity 40900K, committed 41304K, reserved 1087488K
  class space    used 3276K, capacity 3390K, committed 3456K, reserved 1048576K
Event: 2364.219 GC heap after
Heap after GC invocations=68 (full 18):
 PSYoungGen      total 14336K, used 0K [0x00000000ff000000, 0x0000000100000000, 0x0000000100000000)
  eden space 12288K, 0% used [0x00000000ff000000,0x00000000ff000000,0x00000000ffc00000)
  from space 2048K, 0% used [0x00000000ffe00000,0x00000000ffe00000,0x0000000100000000)
  to   space 2048K, 0% used [0x00000000ffc00000,0x00000000ffc00000,0x00000000ffe00000)
 ParOldGen       total 61440K, used 20465K [0x00000000d8000000, 0x00000000dbc00000, 0x00000000ff000000)
  object space 61440K, 33% used [0x00000000d8000000,0x00000000d93fc4c8,0x00000000dbc00000)
 Metaspace       used 40550K, capacity 40900K, committed 41304K, reserved 1087488K
  class space    used 3276K, capacity 3390K, committed 3456K, reserved 1048576K
}

